<?xml version="1.0" encoding="UTF-8"?>
<!-- Generated by org.testng.reporters.JUnitReportReporter -->
<testsuite hostname="DESKTOP-4PTNCRH" name="com.flipkart.FlipkartLogin" tests="1" failures="0" timestamp="1 Feb 2020 10:58:35 GMT" time="24.778" errors="0">
  <testcase name="init" time="24.778" classname="com.flipkart.FlipkartLogin"/>
</testsuite> <!-- com.flipkart.FlipkartLogin -->
